<?xml version="1.0" encoding="UTF-8"?>
<!-- Generated by org.testng.reporters.JUnitReportReporter -->
<testsuite hostname="alimoham-lap" name="test.YahooRegistrationTest" tests="3" failures="0" timestamp="5 Sep 2015 17:39:52 GMT" time="0.001" errors="0">
  <testcase name="testRegister" time="0.000" classname="test.YahooRegistrationTest"/>
  <testcase name="testRegister" time="0.001" classname="test.YahooRegistrationTest"/>
  <testcase name="testRegister" time="0.000" classname="test.YahooRegistrationTest"/>
</testsuite>
