<?xml version="1.0" encoding="UTF-8"?>
<!-- Generated by org.testng.reporters.JUnitReportReporter -->
<testsuite hostname="alimoham-lap" name="test.YahooNewsTest" tests="1" failures="0" timestamp="5 Sep 2015 17:39:52 GMT" time="0.002" errors="0">
  <testcase name="testYahooNews" time="0.002" classname="test.YahooNewsTest"/>
</testsuite>
