<?xml version="1.0" encoding="UTF-8"?>
<!-- Generated by org.testng.reporters.JUnitReportReporter -->
<testsuite hostname="alimoham-lap" name="test.YahooTest" tests="2" failures="0" timestamp="5 Sep 2015 17:39:52 GMT" time="0.000" errors="0">
  <testcase name="testSendMail" time="0.000" classname="test.YahooTest"/>
  <testcase name="testReceiveMail" time="0.000" classname="test.YahooTest"/>
</testsuite>
